Using pre-set license
Pro License: NO

 COMMAND LINE ARGUMENTS:
/Applications/Unity/Hub/Editor/2021.1.16f1/Unity.app/Contents/MacOS/Unity
-adb2
-batchMode
-noUpm
-name
AssetImportWorker0
-projectPath
/Users/lucymercer/Documents/Final Year/DIGM6450-Video Game Dev/Unity files/FruitNinja
-logFile
Logs/AssetImportWorker0.log
-srvPort
51151
Successfully changed project path to: /Users/lucymercer/Documents/Final Year/DIGM6450-Video Game Dev/Unity files/FruitNinja
/Users/lucymercer/Documents/Final Year/DIGM6450-Video Game Dev/Unity files/FruitNinja
Using Asset Import Pipeline V2.
Refreshing native plugins compatible for Editor in 194.40 ms, found 3 plugins.
Preloading 0 native plugins for Editor in 0.00 ms.
Initialize engine version: 2021.1.16f1 (5fa502fca597)
[Subsystems] Discovering subsystems at path /Applications/Unity/Hub/Editor/2021.1.16f1/Unity.app/Contents/Resources/UnitySubsystems
[Subsystems] Discovering subsystems at path /Users/lucymercer/Documents/Final Year/DIGM6450-Video Game Dev/Unity files/FruitNinja/Assets
GfxDevice: creating device client; threaded=0; jobified=0
2022-01-05 09:49:14.204 Unity[5482:75316] Color LCD preferred device: Intel(R) Iris(TM) Graphics 6000 (low power)
2022-01-05 09:49:14.204 Unity[5482:75316] Metal devices available: 1
2022-01-05 09:49:14.204 Unity[5482:75316] 0: Intel(R) Iris(TM) Graphics 6000 (low power)
2022-01-05 09:49:14.204 Unity[5482:75316] Using device Intel(R) Iris(TM) Graphics 6000 (low power)
Initializing Metal device caps: Intel(R) Iris(TM) Graphics 6000
Initialize mono
Mono path[0] = '/Applications/Unity/Hub/Editor/2021.1.16f1/Unity.app/Contents/Managed'
Mono path[1] = '/Applications/Unity/Hub/Editor/2021.1.16f1/Unity.app/Contents/MonoBleedingEdge/lib/mono/unityjit'
Mono config path = '/Applications/Unity/Hub/Editor/2021.1.16f1/Unity.app/Contents/MonoBleedingEdge/etc'
Using monoOptions --debugger-agent=transport=dt_socket,embedding=1,server=y,suspend=n,address=127.0.0.1:56482
Begin MonoManager ReloadAssembly
Registering precompiled unity dll's ...
Register platform support module: /Applications/Unity/Hub/Editor/2021.1.16f1/Unity.app/Contents/PlaybackEngines/MacStandaloneSupport/UnityEditor.OSXStandalone.Extensions.dll
Registered in 0.004358 seconds.
Native extension for OSXStandalone target not found
Refreshing native plugins compatible for Editor in 156.85 ms, found 3 plugins.
Preloading 0 native plugins for Editor in 0.00 ms.
Mono: successfully reloaded assembly
- Completed reload, in 10.047 seconds
Domain Reload Profiling:
	ReloadAssembly (10049ms)
		BeginReloadAssembly (212ms)
			ExecutionOrderSort (0ms)
			DisableScriptedObjects (0ms)
			BackupInstance (0ms)
			ReleaseScriptingObjects (0ms)
			CreateAndSetChildDomain (1ms)
		EndReloadAssembly (1117ms)
			LoadAssemblies (216ms)
			RebuildTransferFunctionScriptingTraits (0ms)
			SetupTypeCache (331ms)
			ReleaseScriptCaches (0ms)
			RebuildScriptCaches (62ms)
			SetupLoadedEditorAssemblies (645ms)
				LogAssemblyErrors (0ms)
				InitializePlatformSupportModulesInManaged (10ms)
				SetLoadedEditorAssemblies (0ms)
				RefreshPlugins (157ms)
				BeforeProcessingInitializeOnLoad (2ms)
				ProcessInitializeOnLoadAttributes (364ms)
				ProcessInitializeOnLoadMethodAttributes (112ms)
				AfterProcessingInitializeOnLoad (0ms)
				EditorAssembliesLoaded (0ms)
			ExecutionOrderSort2 (0ms)
			AwakeInstancesAfterBackupRestoration (0ms)
Platform modules already initialized, skipping
Registering precompiled user dll's ...
Registered in 0.031780 seconds.
Begin MonoManager ReloadAssembly
Symbol file LoadedFromMemory doesn't match image /Users/lucymercer/Documents/Final Year/DIGM6450-Video Game Dev/Unity files/FruitNinja/Library/PackageCache/com.unity.visualscripting@1.6.1/Editor/VisualScripting.Core/Dependencies/YamlDotNet/Unity.VisualScripting.YamlDotNet.dll
Symbol file LoadedFromMemory doesn't match image /Users/lucymercer/Documents/Final Year/DIGM6450-Video Game Dev/Unity files/FruitNinja/Library/PackageCache/com.unity.visualscripting@1.6.1/Editor/VisualScripting.Core/Dependencies/DotNetZip/Unity.VisualScripting.IonicZip.dll
Native extension for OSXStandalone target not found
Refreshing native plugins compatible for Editor in 170.67 ms, found 3 plugins.
Preloading 0 native plugins for Editor in 0.00 ms.
Mono: successfully reloaded assembly
- Completed reload, in  2.889 seconds
Domain Reload Profiling:
	ReloadAssembly (2891ms)
		BeginReloadAssembly (398ms)
			ExecutionOrderSort (0ms)
			DisableScriptedObjects (11ms)
			BackupInstance (0ms)
			ReleaseScriptingObjects (0ms)
			CreateAndSetChildDomain (59ms)
		EndReloadAssembly (2367ms)
			LoadAssemblies (413ms)
			RebuildTransferFunctionScriptingTraits (0ms)
			SetupTypeCache (770ms)
			ReleaseScriptCaches (1ms)
			RebuildScriptCaches (130ms)
			SetupLoadedEditorAssemblies (933ms)
				LogAssemblyErrors (0ms)
				InitializePlatformSupportModulesInManaged (5ms)
				SetLoadedEditorAssemblies (0ms)
				RefreshPlugins (171ms)
				BeforeProcessingInitializeOnLoad (125ms)
				ProcessInitializeOnLoadAttributes (598ms)
				ProcessInitializeOnLoadMethodAttributes (30ms)
				AfterProcessingInitializeOnLoad (3ms)
				EditorAssembliesLoaded (0ms)
			ExecutionOrderSort2 (0ms)
			AwakeInstancesAfterBackupRestoration (12ms)
Platform modules already initialized, skipping
========================================================================
Worker process is ready to serve import requests
Launching external process: /Applications/Unity/Hub/Editor/2021.1.16f1/Unity.app/Contents/Tools/UnityShaderCompiler
Launched and connected shader compiler UnityShaderCompiler after 0.07 seconds
Refreshing native plugins compatible for Editor in 1.47 ms, found 3 plugins.
Preloading 0 native plugins for Editor in 0.00 ms.
Unloading 3743 Unused Serialized files (Serialized files now loaded: 0)
System memory in use before: 258.3 MB.
System memory in use after: 258.5 MB.

Unloading 34 unused Assets to reduce memory usage. Loaded Objects now: 4189.
Total: 5.697194 ms (FindLiveObjects: 0.357074 ms CreateObjectMapping: 0.191735 ms MarkObjects: 4.932814 ms  DeleteObjects: 0.213644 ms)

AssetImportParameters requested are different than current active one (requested -> active):
  custom:video-decoder-ogg-theora: a1e56fd34408186e4bbccfd4996cb3dc -> 
  custom:container-muxer-webm: aa71ff27fc2769a1b78a27578f13a17b -> 
  custom:container-demuxer-webm: 4f35f7cbe854078d1ac9338744f61a02 -> 
  custom:container-demuxer-ogg: 62fdf1f143b41e24485cea50d1cbac27 -> 
  custom:video-encoder-webm-vp8: eb34c28f22e8b96e1ab97ce403110664 -> 
  custom:framework-osx-AVFoundation: e770b220cccbd017edd2c1fefb359320 -> 
  custom:video-decoder-webm-vp8: 9c59270c3fd7afecdb556c50c9e8de78 -> 
  custom:audio-decoder-ogg-vorbis: bf7c407c2cedff20999df2af8eb42d56 -> 
  custom:audio-encoder-webm-vorbis: bf7c407c2cedff20999df2af8eb42d56 -> 
========================================================================
Received Import Request.
  path: Assets/Sprite/MatchCardTutorial.png
  artifactKey: Guid(66d32cf86cecb9c42b21aebdeec33404) Importer(815301076,1909f56bfc062723c751e8b465ee728b)
Start importing Assets/Sprite/MatchCardTutorial.png using Guid(66d32cf86cecb9c42b21aebdeec33404) Importer(815301076,1909f56bfc062723c751e8b465ee728b)  -> (artifact id: '9c32feffa4b81fab4579fc222311d473') in 2.029525 seconds 
========================================================================
Received Import Request.
  Time since last request: 0.000551 seconds.
  path: Assets/Scripts/HighscoreTable.cs
  artifactKey: Guid(674d93ee291594a8e94c2441bf240d2b) Importer(815301076,1909f56bfc062723c751e8b465ee728b)
Start importing Assets/Scripts/HighscoreTable.cs using Guid(674d93ee291594a8e94c2441bf240d2b) Importer(815301076,1909f56bfc062723c751e8b465ee728b)  -> (artifact id: 'ac07d3f90ae832a712a2b7b9e1223887') in 0.583153 seconds 
========================================================================
Received Import Request.
  Time since last request: 19.758278 seconds.
  path: Assets/Scripts/CardSceneController.cs
  artifactKey: Guid(e42d980ab68754e1990962d99221648c) Importer(815301076,1909f56bfc062723c751e8b465ee728b)
Start importing Assets/Scripts/CardSceneController.cs using Guid(e42d980ab68754e1990962d99221648c) Importer(815301076,1909f56bfc062723c751e8b465ee728b)  -> (artifact id: '8186fce2af8caf4e2e250e696c68613b') in 0.006928 seconds 
========================================================================
Received Import Request.
  Time since last request: 5.696597 seconds.
  path: Assets/Scripts/DontDestroy.cs
  artifactKey: Guid(3ddf51f06541842119ed87201b478f64) Importer(815301076,1909f56bfc062723c751e8b465ee728b)
Start importing Assets/Scripts/DontDestroy.cs using Guid(3ddf51f06541842119ed87201b478f64) Importer(815301076,1909f56bfc062723c751e8b465ee728b)  -> (artifact id: 'd3f3202191586cc6167420bc7a6f430a') in 0.007499 seconds 
========================================================================
Received Import Request.
  Time since last request: 21.345191 seconds.
  path: Assets/Scripts/MainCard.cs
  artifactKey: Guid(3d6c44dac5df4427d8cb4d1309a529ac) Importer(815301076,1909f56bfc062723c751e8b465ee728b)
Start importing Assets/Scripts/MainCard.cs using Guid(3d6c44dac5df4427d8cb4d1309a529ac) Importer(815301076,1909f56bfc062723c751e8b465ee728b)  -> (artifact id: 'b5d9a8173bfe13fe7e426ad5d7cde5fd') in 0.005845 seconds 
========================================================================
Received Import Request.
  Time since last request: 6.070489 seconds.
  path: Assets/Scripts/SoundManagerScript.cs
  artifactKey: Guid(6377e24bb99e04a0b87c018a6e78fd73) Importer(815301076,1909f56bfc062723c751e8b465ee728b)
Start importing Assets/Scripts/SoundManagerScript.cs using Guid(6377e24bb99e04a0b87c018a6e78fd73) Importer(815301076,1909f56bfc062723c751e8b465ee728b)  -> (artifact id: 'c72a21df244e15d86a983309a9f9e9e2') in 0.010089 seconds 
========================================================================
Received Import Request.
  Time since last request: 5.671440 seconds.
  path: Assets/Scripts/Timer.cs
  artifactKey: Guid(f6a331da6befc4a7f86a2876d61ce722) Importer(815301076,1909f56bfc062723c751e8b465ee728b)
Start importing Assets/Scripts/Timer.cs using Guid(f6a331da6befc4a7f86a2876d61ce722) Importer(815301076,1909f56bfc062723c751e8b465ee728b)  -> (artifact id: 'abc6ab14a6c3906dba6d8a0766c2d580') in 0.009477 seconds 
========================================================================
Received Prepare
Registering precompiled user dll's ...
Registered in 0.011837 seconds.
Begin MonoManager ReloadAssembly
Symbol file LoadedFromMemory doesn't match image /Users/lucymercer/Documents/Final Year/DIGM6450-Video Game Dev/Unity files/FruitNinja/Library/PackageCache/com.unity.visualscripting@1.6.1/Editor/VisualScripting.Core/Dependencies/YamlDotNet/Unity.VisualScripting.YamlDotNet.dll
Symbol file LoadedFromMemory doesn't match image /Users/lucymercer/Documents/Final Year/DIGM6450-Video Game Dev/Unity files/FruitNinja/Library/PackageCache/com.unity.visualscripting@1.6.1/Editor/VisualScripting.Core/Dependencies/DotNetZip/Unity.VisualScripting.IonicZip.dll
Native extension for OSXStandalone target not found
Refreshing native plugins compatible for Editor in 0.97 ms, found 3 plugins.
Preloading 0 native plugins for Editor in 0.00 ms.
Mono: successfully reloaded assembly
- Completed reload, in  2.446 seconds
Domain Reload Profiling:
	ReloadAssembly (2447ms)
		BeginReloadAssembly (408ms)
			ExecutionOrderSort (0ms)
			DisableScriptedObjects (22ms)
			BackupInstance (0ms)
			ReleaseScriptingObjects (0ms)
			CreateAndSetChildDomain (262ms)
		EndReloadAssembly (1918ms)
			LoadAssemblies (163ms)
			RebuildTransferFunctionScriptingTraits (0ms)
			SetupTypeCache (815ms)
			ReleaseScriptCaches (2ms)
			RebuildScriptCaches (92ms)
			SetupLoadedEditorAssemblies (637ms)
				LogAssemblyErrors (0ms)
				InitializePlatformSupportModulesInManaged (8ms)
				SetLoadedEditorAssemblies (1ms)
				RefreshPlugins (1ms)
				BeforeProcessingInitializeOnLoad (96ms)
				ProcessInitializeOnLoadAttributes (512ms)
				ProcessInitializeOnLoadMethodAttributes (17ms)
				AfterProcessingInitializeOnLoad (2ms)
				EditorAssembliesLoaded (0ms)
			ExecutionOrderSort2 (0ms)
			AwakeInstancesAfterBackupRestoration (22ms)
Platform modules already initialized, skipping
Refreshing native plugins compatible for Editor in 1.25 ms, found 3 plugins.
Preloading 0 native plugins for Editor in 0.00 ms.
Unloading 3723 Unused Serialized files (Serialized files now loaded: 0)
System memory in use before: 274.4 MB.
System memory in use after: 274.6 MB.

Unloading 23 unused Assets to reduce memory usage. Loaded Objects now: 4213.
Total: 6.376326 ms (FindLiveObjects: 0.350704 ms CreateObjectMapping: 0.193117 ms MarkObjects: 5.644066 ms  DeleteObjects: 0.186200 ms)

AssetImportParameters requested are different than current active one (requested -> active):
  custom:video-decoder-ogg-theora: a1e56fd34408186e4bbccfd4996cb3dc -> 
  custom:container-muxer-webm: aa71ff27fc2769a1b78a27578f13a17b -> 
  custom:container-demuxer-webm: 4f35f7cbe854078d1ac9338744f61a02 -> 
  custom:container-demuxer-ogg: 62fdf1f143b41e24485cea50d1cbac27 -> 
  custom:video-encoder-webm-vp8: eb34c28f22e8b96e1ab97ce403110664 -> 
  custom:framework-osx-AVFoundation: e770b220cccbd017edd2c1fefb359320 -> 
  custom:video-decoder-webm-vp8: 9c59270c3fd7afecdb556c50c9e8de78 -> 
  custom:audio-decoder-ogg-vorbis: bf7c407c2cedff20999df2af8eb42d56 -> 
  custom:audio-encoder-webm-vorbis: bf7c407c2cedff20999df2af8eb42d56 -> 
